# JRE version: OpenJDK Runtime Environment Temurin-21.0.10+7 (21.0.10+7) (build 21.0.10+7-LTS)
# Java VM: OpenJDK 64-Bit Server VM Temurin-21.0.10+7 (21.0.10+7-LTS, mixed mode, sharing, tiered, compressed oops, compressed class ptrs, parallel gc, windows-amd64)
GC Precious Log:
 CardTable entry size: 512
 CPUs: 16 total, 16 available
 Memory: 16119M
 Large Page Support: Disabled
 NUMA Support: Disabled
 Compressed Oops: Enabled (32-bit)
 Alignments: Space 512K, Generation 512K, Heap 2M
 Heap Min Capacity: 100M
 Heap Initial Capacity: 100M
 Heap Max Capacity: 2G
 Pre-touch: Disabled
 Parallel Workers: 13
Heap:
 PSYoungGen      total 12288K, used 7588K [0x00000000d5580000, 0x00000000d6380000, 0x0000000100000000)
  eden space 11776K, 60% used [0x00000000d5580000,0x00000000d5c81170,0x00000000d6100000)
  from space 512K, 81% used [0x00000000d6300000,0x00000000d6368000,0x00000000d6380000)
  to   space 1024K, 0% used [0x00000000d6180000,0x00000000d6180000,0x00000000d6280000)
 ParOldGen       total 89600K, used 89106K [0x0000000080000000, 0x0000000085780000, 0x00000000d5580000)
  object space 89600K, 99% used [0x0000000080000000,0x0000000085704850,0x0000000085780000)
 Metaspace       used 67552K, committed 69184K, reserved 1114112K
  class space    used 7078K, committed 7808K, reserved 1048576K
GC Heap History (20 events):
Event: 20.425 GC heap before
{Heap before GC invocations=130 (full 3):
 PSYoungGen      total 15360K, used 15039K [0x00000000d5580000, 0x00000000d6700000, 0x0000000100000000)
  eden space 13312K, 100% used [0x00000000d5580000,0x00000000d6280000,0x00000000d6280000)
  from space 2048K, 84% used [0x00000000d6500000,0x00000000d66afee0,0x00000000d6700000)
  to   space 2048K, 0% used [0x00000000d6280000,0x00000000d6280000,0x00000000d6480000)
 ParOldGen       total 83968K, used 83509K [0x0000000080000000, 0x0000000085200000, 0x00000000d5580000)
  object space 83968K, 99% used [0x0000000080000000,0x000000008518d718,0x0000000085200000)
 Metaspace       used 61365K, committed 62848K, reserved 1114112K
  class space    used 6529K, committed 7168K, reserved 1048576K
}
Event: 20.427 GC heap after
{Heap after GC invocations=130 (full 3):
 PSYoungGen      total 14336K, used 873K [0x00000000d5580000, 0x00000000d6580000, 0x0000000100000000)
  eden space 13312K, 0% used [0x00000000d5580000,0x00000000d5580000,0x00000000d6280000)
  from space 1024K, 85% used [0x00000000d6280000,0x00000000d635a6d8,0x00000000d6380000)
  to   space 1536K, 0% used [0x00000000d6400000,0x00000000d6400000,0x00000000d6580000)
 ParOldGen       total 83968K, used 83749K [0x0000000080000000, 0x0000000085200000, 0x00000000d5580000)
  object space 83968K, 99% used [0x0000000080000000,0x00000000851c9738,0x0000000085200000)
 Metaspace       used 61365K, committed 62848K, reserved 1114112K
  class space    used 6529K, committed 7168K, reserved 1048576K
}
Event: 20.485 GC heap before
{Heap before GC invocations=131 (full 3):
 PSYoungGen      total 14336K, used 14014K [0x00000000d5580000, 0x00000000d6580000, 0x0000000100000000)
  eden space 13312K, 98% used [0x00000000d5580000,0x00000000d6255210,0x00000000d6280000)
  from space 1024K, 85% used [0x00000000d6280000,0x00000000d635a6d8,0x00000000d6380000)
  to   space 1536K, 0% used [0x00000000d6400000,0x00000000d6400000,0x00000000d6580000)
 ParOldGen       total 83968K, used 83749K [0x0000000080000000, 0x0000000085200000, 0x00000000d5580000)
  object space 83968K, 99% used [0x0000000080000000,0x00000000851c9738,0x0000000085200000)
 Metaspace       used 61382K, committed 62848K, reserved 1114112K
  class space    used 6532K, committed 7168K, reserved 1048576K
}
Event: 20.487 GC heap after
{Heap after GC invocations=131 (full 3):
 PSYoungGen      total 14336K, used 1435K [0x00000000d5580000, 0x00000000d6680000, 0x0000000100000000)
  eden space 12800K, 0% used [0x00000000d5580000,0x00000000d5580000,0x00000000d6200000)
  from space 1536K, 93% used [0x00000000d6400000,0x00000000d6566e90,0x00000000d6580000)
  to   space 2048K, 0% used [0x00000000d6200000,0x00000000d6200000,0x00000000d6400000)
 ParOldGen       total 83968K, used 83805K [0x0000000080000000, 0x0000000085200000, 0x00000000d5580000)
  object space 83968K, 99% used [0x0000000080000000,0x00000000851d7738,0x0000000085200000)
 Metaspace       used 61382K, committed 62848K, reserved 1114112K
  class space    used 6532K, committed 7168K, reserved 1048576K
}
Event: 20.807 GC heap before
{Heap before GC invocations=132 (full 3):
 PSYoungGen      total 14336K, used 14223K [0x00000000d5580000, 0x00000000d6680000, 0x0000000100000000)
  eden space 12800K, 99% used [0x00000000d5580000,0x00000000d61fcdf8,0x00000000d6200000)
  from space 1536K, 93% used [0x00000000d6400000,0x00000000d6566e90,0x00000000d6580000)
  to   space 2048K, 0% used [0x00000000d6200000,0x00000000d6200000,0x00000000d6400000)
 ParOldGen       total 83968K, used 83805K [0x0000000080000000, 0x0000000085200000, 0x00000000d5580000)
  object space 83968K, 99% used [0x0000000080000000,0x00000000851d7738,0x0000000085200000)
 Metaspace       used 62775K, committed 64256K, reserved 1114112K
  class space    used 6650K, committed 7296K, reserved 1048576K
}
Event: 20.810 GC heap after
{Heap after GC invocations=132 (full 3):
 PSYoungGen      total 14336K, used 1037K [0x00000000d5580000, 0x00000000d6500000, 0x0000000100000000)
  eden space 12800K, 0% used [0x00000000d5580000,0x00000000d5580000,0x00000000d6200000)
  from space 1536K, 67% used [0x00000000d6200000,0x00000000d6303458,0x00000000d6380000)
  to   space 1536K, 0% used [0x00000000d6380000,0x00000000d6380000,0x00000000d6500000)
 ParOldGen       total 83968K, used 83877K [0x0000000080000000, 0x0000000085200000, 0x00000000d5580000)
  object space 83968K, 99% used [0x0000000080000000,0x00000000851e9738,0x0000000085200000)
 Metaspace       used 62775K, committed 64256K, reserved 1114112K
  class space    used 6650K, committed 7296K, reserved 1048576K
}
Event: 21.036 GC heap before
{Heap before GC invocations=133 (full 3):
 PSYoungGen      total 14336K, used 13837K [0x00000000d5580000, 0x00000000d6500000, 0x0000000100000000)
  eden space 12800K, 100% used [0x00000000d5580000,0x00000000d6200000,0x00000000d6200000)
  from space 1536K, 67% used [0x00000000d6200000,0x00000000d6303458,0x00000000d6380000)
  to   space 1536K, 0% used [0x00000000d6380000,0x00000000d6380000,0x00000000d6500000)
 ParOldGen       total 83968K, used 83877K [0x0000000080000000, 0x0000000085200000, 0x00000000d5580000)
  object space 83968K, 99% used [0x0000000080000000,0x00000000851e9738,0x0000000085200000)
 Metaspace       used 63153K, committed 64640K, reserved 1114112K
  class space    used 6686K, committed 7296K, reserved 1048576K
}
Event: 21.040 GC heap after
{Heap after GC invocations=133 (full 3):
 PSYoungGen      total 14336K, used 1130K [0x00000000d5580000, 0x00000000d6500000, 0x0000000100000000)
  eden space 12800K, 0% used [0x00000000d5580000,0x00000000d5580000,0x00000000d6200000)
  from space 1536K, 73% used [0x00000000d6380000,0x00000000d649a930,0x00000000d6500000)
  to   space 1536K, 0% used [0x00000000d6200000,0x00000000d6200000,0x00000000d6380000)
 ParOldGen       total 84992K, used 84624K [0x0000000080000000, 0x0000000085300000, 0x00000000d5580000)
  object space 84992K, 99% used [0x0000000080000000,0x00000000852a4260,0x0000000085300000)
 Metaspace       used 63153K, committed 64640K, reserved 1114112K
  class space    used 6686K, committed 7296K, reserved 1048576K
}
Event: 21.178 GC heap before
{Heap before GC invocations=134 (full 3):
 PSYoungGen      total 14336K, used 13930K [0x00000000d5580000, 0x00000000d6500000, 0x0000000100000000)
  eden space 12800K, 100% used [0x00000000d5580000,0x00000000d6200000,0x00000000d6200000)
  from space 1536K, 73% used [0x00000000d6380000,0x00000000d649a930,0x00000000d6500000)
  to   space 1536K, 0% used [0x00000000d6200000,0x00000000d6200000,0x00000000d6380000)
 ParOldGen       total 84992K, used 84624K [0x0000000080000000, 0x0000000085300000, 0x00000000d5580000)
  object space 84992K, 99% used [0x0000000080000000,0x00000000852a4260,0x0000000085300000)
 Metaspace       used 63400K, committed 64896K, reserved 1114112K
  class space    used 6706K, committed 7360K, reserved 1048576K
}
Event: 21.180 GC heap after
{Heap after GC invocations=134 (full 3):
 PSYoungGen      total 14336K, used 980K [0x00000000d5580000, 0x00000000d6500000, 0x0000000100000000)
  eden space 12800K, 0% used [0x00000000d5580000,0x00000000d5580000,0x00000000d6200000)
  from space 1536K, 63% used [0x00000000d6200000,0x00000000d62f5220,0x00000000d6380000)
  to   space 1536K, 0% used [0x00000000d6380000,0x00000000d6380000,0x00000000d6500000)
 ParOldGen       total 86016K, used 85561K [0x0000000080000000, 0x0000000085400000, 0x00000000d5580000)
  object space 86016K, 99% used [0x0000000080000000,0x000000008538e660,0x0000000085400000)
 Metaspace       used 63400K, committed 64896K, reserved 1114112K
  class space    used 6706K, committed 7360K, reserved 1048576K
}
Event: 21.359 GC heap before
{Heap before GC invocations=135 (full 3):
 PSYoungGen      total 14336K, used 13780K [0x00000000d5580000, 0x00000000d6500000, 0x0000000100000000)
  eden space 12800K, 100% used [0x00000000d5580000,0x00000000d6200000,0x00000000d6200000)
  from space 1536K, 63% used [0x00000000d6200000,0x00000000d62f5220,0x00000000d6380000)
  to   space 1536K, 0% used [0x00000000d6380000,0x00000000d6380000,0x00000000d6500000)
 ParOldGen       total 86016K, used 85561K [0x0000000080000000, 0x0000000085400000, 0x00000000d5580000)
  object space 86016K, 99% used [0x0000000080000000,0x000000008538e660,0x0000000085400000)
 Metaspace       used 63801K, committed 65280K, reserved 1114112K
  class space    used 6735K, committed 7360K, reserved 1048576K
}
Event: 21.363 GC heap after
{Heap after GC invocations=135 (full 3):
 PSYoungGen      total 14336K, used 1220K [0x00000000d5580000, 0x00000000d6500000, 0x0000000100000000)
  eden space 12800K, 0% used [0x00000000d5580000,0x00000000d5580000,0x00000000d6200000)
  from space 1536K, 79% used [0x00000000d6380000,0x00000000d64b1030,0x00000000d6500000)
  to   space 1536K, 0% used [0x00000000d6200000,0x00000000d6200000,0x00000000d6380000)
 ParOldGen       total 86528K, used 86325K [0x0000000080000000, 0x0000000085480000, 0x00000000d5580000)
  object space 86528K, 99% used [0x0000000080000000,0x000000008544d7f8,0x0000000085480000)
 Metaspace       used 63801K, committed 65280K, reserved 1114112K
  class space    used 6735K, committed 7360K, reserved 1048576K
}
Event: 21.714 GC heap before
{Heap before GC invocations=136 (full 3):
 PSYoungGen      total 14336K, used 14007K [0x00000000d5580000, 0x00000000d6500000, 0x0000000100000000)
  eden space 12800K, 99% used [0x00000000d5580000,0x00000000d61fcc18,0x00000000d6200000)
  from space 1536K, 79% used [0x00000000d6380000,0x00000000d64b1030,0x00000000d6500000)
  to   space 1536K, 0% used [0x00000000d6200000,0x00000000d6200000,0x00000000d6380000)
 ParOldGen       total 86528K, used 86325K [0x0000000080000000, 0x0000000085480000, 0x00000000d5580000)
  object space 86528K, 99% used [0x0000000080000000,0x000000008544d7f8,0x0000000085480000)
 Metaspace       used 65377K, committed 67008K, reserved 1114112K
  class space    used 6890K, committed 7616K, reserved 1048576K
}
Event: 21.717 GC heap after
{Heap after GC invocations=136 (full 3):
 PSYoungGen      total 13824K, used 839K [0x00000000d5580000, 0x00000000d6400000, 0x0000000100000000)
  eden space 12800K, 0% used [0x00000000d5580000,0x00000000d5580000,0x00000000d6200000)
  from space 1024K, 81% used [0x00000000d6200000,0x00000000d62d1cf0,0x00000000d6300000)
  to   space 1024K, 0% used [0x00000000d6300000,0x00000000d6300000,0x00000000d6400000)
 ParOldGen       total 87552K, used 87209K [0x0000000080000000, 0x0000000085580000, 0x00000000d5580000)
  object space 87552K, 99% used [0x0000000080000000,0x000000008552a568,0x0000000085580000)
 Metaspace       used 65377K, committed 67008K, reserved 1114112K
  class space    used 6890K, committed 7616K, reserved 1048576K
}
Event: 21.874 GC heap before
{Heap before GC invocations=137 (full 3):
 PSYoungGen      total 13824K, used 13639K [0x00000000d5580000, 0x00000000d6400000, 0x0000000100000000)
  eden space 12800K, 100% used [0x00000000d5580000,0x00000000d6200000,0x00000000d6200000)
  from space 1024K, 81% used [0x00000000d6200000,0x00000000d62d1cf0,0x00000000d6300000)
  to   space 1024K, 0% used [0x00000000d6300000,0x00000000d6300000,0x00000000d6400000)
 ParOldGen       total 87552K, used 87209K [0x0000000080000000, 0x0000000085580000, 0x00000000d5580000)
  object space 87552K, 99% used [0x0000000080000000,0x000000008552a568,0x0000000085580000)
 Metaspace       used 66001K, committed 67648K, reserved 1114112K
  class space    used 6930K, committed 7616K, reserved 1048576K
}
Event: 21.876 GC heap after
{Heap after GC invocations=137 (full 3):
 PSYoungGen      total 12800K, used 1024K [0x00000000d5580000, 0x00000000d6600000, 0x0000000100000000)
  eden space 11776K, 0% used [0x00000000d5580000,0x00000000d5580000,0x00000000d6100000)
  from space 1024K, 100% used [0x00000000d6300000,0x00000000d6400000,0x00000000d6400000)
  to   space 2048K, 0% used [0x00000000d6100000,0x00000000d6100000,0x00000000d6300000)
 ParOldGen       total 88064K, used 87903K [0x0000000080000000, 0x0000000085600000, 0x00000000d5580000)
  object space 88064K, 99% used [0x0000000080000000,0x00000000855d7ea0,0x0000000085600000)
 Metaspace       used 66001K, committed 67648K, reserved 1114112K
  class space    used 6930K, committed 7616K, reserved 1048576K
}
Event: 22.189 GC heap before
{Heap before GC invocations=138 (full 3):
 PSYoungGen      total 12800K, used 12800K [0x00000000d5580000, 0x00000000d6600000, 0x0000000100000000)
  eden space 11776K, 100% used [0x00000000d5580000,0x00000000d6100000,0x00000000d6100000)
  from space 1024K, 100% used [0x00000000d6300000,0x00000000d6400000,0x00000000d6400000)
  to   space 2048K, 0% used [0x00000000d6100000,0x00000000d6100000,0x00000000d6300000)
 ParOldGen       total 88064K, used 87903K [0x0000000080000000, 0x0000000085600000, 0x00000000d5580000)
  object space 88064K, 99% used [0x0000000080000000,0x00000000855d7ea0,0x0000000085600000)
 Metaspace       used 66822K, committed 68480K, reserved 1114112K
  class space    used 7017K, committed 7744K, reserved 1048576K
}
Event: 22.192 GC heap after
{Heap after GC invocations=138 (full 3):
 PSYoungGen      total 13824K, used 1843K [0x00000000d5580000, 0x00000000d6500000, 0x0000000100000000)
  eden space 11776K, 0% used [0x00000000d5580000,0x00000000d5580000,0x00000000d6100000)
  from space 2048K, 90% used [0x00000000d6100000,0x00000000d62ccdd8,0x00000000d6300000)
  to   space 2048K, 0% used [0x00000000d6300000,0x00000000d6300000,0x00000000d6500000)
 ParOldGen       total 88576K, used 88484K [0x0000000080000000, 0x0000000085680000, 0x00000000d5580000)
  object space 88576K, 99% used [0x0000000080000000,0x00000000856692c8,0x0000000085680000)
 Metaspace       used 66822K, committed 68480K, reserved 1114112K
  class space    used 7017K, committed 7744K, reserved 1048576K
}
Event: 26.803 GC heap before
{Heap before GC invocations=139 (full 3):
 PSYoungGen      total 13824K, used 13619K [0x00000000d5580000, 0x00000000d6500000, 0x0000000100000000)
  eden space 11776K, 100% used [0x00000000d5580000,0x00000000d6100000,0x00000000d6100000)
  from space 2048K, 90% used [0x00000000d6100000,0x00000000d62ccdd8,0x00000000d6300000)
  to   space 2048K, 0% used [0x00000000d6300000,0x00000000d6300000,0x00000000d6500000)
 ParOldGen       total 88576K, used 88484K [0x0000000080000000, 0x0000000085680000, 0x00000000d5580000)
  object space 88576K, 99% used [0x0000000080000000,0x00000000856692c8,0x0000000085680000)
 Metaspace       used 67335K, committed 68928K, reserved 1114112K
  class space    used 7067K, committed 7744K, reserved 1048576K
}
Event: 26.804 GC heap after
{Heap after GC invocations=139 (full 3):
 PSYoungGen      total 12288K, used 416K [0x00000000d5580000, 0x00000000d6380000, 0x0000000100000000)
  eden space 11776K, 0% used [0x00000000d5580000,0x00000000d5580000,0x00000000d6100000)
  from space 512K, 81% used [0x00000000d6300000,0x00000000d6368000,0x00000000d6380000)
  to   space 1024K, 0% used [0x00000000d6180000,0x00000000d6180000,0x00000000d6280000)
 ParOldGen       total 89600K, used 89106K [0x0000000080000000, 0x0000000085780000, 0x00000000d5580000)
  object space 89600K, 99% used [0x0000000080000000,0x0000000085704850,0x0000000085780000)
 Metaspace       used 67335K, committed 68928K, reserved 1114112K
  class space    used 7067K, committed 7744K, reserved 1048576K
}

