# JRE version: OpenJDK Runtime Environment Temurin-21.0.10+7 (21.0.10+7) (build 21.0.10+7-LTS)
# Java VM: OpenJDK 64-Bit Server VM Temurin-21.0.10+7 (21.0.10+7-LTS, mixed mode, sharing, tiered, compressed oops, compressed class ptrs, parallel gc, windows-amd64)
GC Precious Log:
 CardTable entry size: 512
 CPUs: 16 total, 16 available
 Memory: 16119M
 Large Page Support: Disabled
 NUMA Support: Disabled
 Compressed Oops: Enabled (32-bit)
 Alignments: Space 512K, Generation 512K, Heap 2M
 Heap Min Capacity: 100M
 Heap Initial Capacity: 100M
 Heap Max Capacity: 2G
 Pre-touch: Disabled
 Parallel Workers: 13
Heap:
 PSYoungGen      total 4096K, used 3553K [0x00000000d5580000, 0x00000000d5a80000, 0x0000000100000000)
  eden space 3072K, 96% used [0x00000000d5580000,0x00000000d5868788,0x00000000d5880000)
  from space 1024K, 56% used [0x00000000d5980000,0x00000000d5a10000,0x00000000d5a80000)
  to   space 1024K, 0% used [0x00000000d5880000,0x00000000d5880000,0x00000000d5980000)
 ParOldGen       total 816640K, used 816435K [0x0000000080000000, 0x00000000b1d80000, 0x00000000d5580000)
  object space 816640K, 99% used [0x0000000080000000,0x00000000b1d4ce20,0x00000000b1d80000)
 Metaspace       used 97657K, committed 99712K, reserved 1179648K
  class space    used 10028K, committed 11008K, reserved 1048576K
GC Heap History (20 events):
Event: 2355.250 GC heap before
{Heap before GC invocations=1462 (full 5):
 PSYoungGen      total 4096K, used 4089K [0x00000000d5580000, 0x00000000d5c80000, 0x0000000100000000)
  eden space 3072K, 100% used [0x00000000d5580000,0x00000000d5880000,0x00000000d5880000)
  from space 1024K, 99% used [0x00000000d5b80000,0x00000000d5c7e450,0x00000000d5c80000)
  to   space 2048K, 0% used [0x00000000d5880000,0x00000000d5880000,0x00000000d5a80000)
 ParOldGen       total 781312K, used 781127K [0x0000000080000000, 0x00000000afb00000, 0x00000000d5580000)
  object space 781312K, 99% used [0x0000000080000000,0x00000000afad1ec0,0x00000000afb00000)
 Metaspace       used 97573K, committed 99648K, reserved 1179648K
  class space    used 10028K, committed 11008K, reserved 1048576K
}
Event: 2355.252 GC heap after
{Heap after GC invocations=1462 (full 5):
 PSYoungGen      total 5120K, used 1151K [0x00000000d5580000, 0x00000000d5c00000, 0x0000000100000000)
  eden space 3072K, 0% used [0x00000000d5580000,0x00000000d5580000,0x00000000d5880000)
  from space 2048K, 56% used [0x00000000d5880000,0x00000000d599ff28,0x00000000d5a80000)
  to   space 1536K, 0% used [0x00000000d5a80000,0x00000000d5a80000,0x00000000d5c00000)
 ParOldGen       total 782336K, used 781869K [0x0000000080000000, 0x00000000afc00000, 0x00000000d5580000)
  object space 782336K, 99% used [0x0000000080000000,0x00000000afb8b670,0x00000000afc00000)
 Metaspace       used 97573K, committed 99648K, reserved 1179648K
  class space    used 10028K, committed 11008K, reserved 1048576K
}
Event: 2355.270 GC heap before
{Heap before GC invocations=1463 (full 5):
 PSYoungGen      total 5120K, used 4223K [0x00000000d5580000, 0x00000000d5c00000, 0x0000000100000000)
  eden space 3072K, 100% used [0x00000000d5580000,0x00000000d5880000,0x00000000d5880000)
  from space 2048K, 56% used [0x00000000d5880000,0x00000000d599ff28,0x00000000d5a80000)
  to   space 1536K, 0% used [0x00000000d5a80000,0x00000000d5a80000,0x00000000d5c00000)
 ParOldGen       total 782336K, used 781869K [0x0000000080000000, 0x00000000afc00000, 0x00000000d5580000)
  object space 782336K, 99% used [0x0000000080000000,0x00000000afb8b670,0x00000000afc00000)
 Metaspace       used 97577K, committed 99648K, reserved 1179648K
  class space    used 10028K, committed 11008K, reserved 1048576K
}
Event: 2355.273 GC heap after
{Heap after GC invocations=1463 (full 5):
 PSYoungGen      total 4608K, used 1466K [0x00000000d5580000, 0x00000000d5c00000, 0x0000000100000000)
  eden space 3072K, 0% used [0x00000000d5580000,0x00000000d5580000,0x00000000d5880000)
  from space 1536K, 95% used [0x00000000d5a80000,0x00000000d5bee958,0x00000000d5c00000)
  to   space 1536K, 0% used [0x00000000d5900000,0x00000000d5900000,0x00000000d5a80000)
 ParOldGen       total 782848K, used 782827K [0x0000000080000000, 0x00000000afc80000, 0x00000000d5580000)
  object space 782848K, 99% used [0x0000000080000000,0x00000000afc7ad40,0x00000000afc80000)
 Metaspace       used 97577K, committed 99648K, reserved 1179648K
  class space    used 10028K, committed 11008K, reserved 1048576K
}
Event: 2355.279 GC heap before
{Heap before GC invocations=1464 (full 5):
 PSYoungGen      total 4608K, used 4538K [0x00000000d5580000, 0x00000000d5c00000, 0x0000000100000000)
  eden space 3072K, 100% used [0x00000000d5580000,0x00000000d5880000,0x00000000d5880000)
  from space 1536K, 95% used [0x00000000d5a80000,0x00000000d5bee958,0x00000000d5c00000)
  to   space 1536K, 0% used [0x00000000d5900000,0x00000000d5900000,0x00000000d5a80000)
 ParOldGen       total 782848K, used 782827K [0x0000000080000000, 0x00000000afc80000, 0x00000000d5580000)
  object space 782848K, 99% used [0x0000000080000000,0x00000000afc7ad40,0x00000000afc80000)
 Metaspace       used 97578K, committed 99648K, reserved 1179648K
  class space    used 10028K, committed 11008K, reserved 1048576K
}
Event: 2355.281 GC heap after
{Heap after GC invocations=1464 (full 5):
 PSYoungGen      total 4096K, used 672K [0x00000000d5580000, 0x00000000d5b00000, 0x0000000100000000)
  eden space 3072K, 0% used [0x00000000d5580000,0x00000000d5580000,0x00000000d5880000)
  from space 1024K, 65% used [0x00000000d5900000,0x00000000d59a8000,0x00000000d5a00000)
  to   space 1024K, 0% used [0x00000000d5a00000,0x00000000d5a00000,0x00000000d5b00000)
 ParOldGen       total 784384K, used 784118K [0x0000000080000000, 0x00000000afe00000, 0x00000000d5580000)
  object space 784384K, 99% used [0x0000000080000000,0x00000000afdbdba0,0x00000000afe00000)
 Metaspace       used 97578K, committed 99648K, reserved 1179648K
  class space    used 10028K, committed 11008K, reserved 1048576K
}
Event: 2355.328 GC heap before
{Heap before GC invocations=1465 (full 5):
 PSYoungGen      total 4096K, used 3744K [0x00000000d5580000, 0x00000000d5b00000, 0x0000000100000000)
  eden space 3072K, 100% used [0x00000000d5580000,0x00000000d5880000,0x00000000d5880000)
  from space 1024K, 65% used [0x00000000d5900000,0x00000000d59a8000,0x00000000d5a00000)
  to   space 1024K, 0% used [0x00000000d5a00000,0x00000000d5a00000,0x00000000d5b00000)
 ParOldGen       total 816128K, used 814838K [0x0000000080000000, 0x00000000b1d00000, 0x00000000d5580000)
  object space 816128K, 99% used [0x0000000080000000,0x00000000b1bbdbd0,0x00000000b1d00000)
 Metaspace       used 97586K, committed 99648K, reserved 1179648K
  class space    used 10028K, committed 11008K, reserved 1048576K
}
Event: 2355.332 GC heap after
{Heap after GC invocations=1465 (full 5):
 PSYoungGen      total 3584K, used 384K [0x00000000d5580000, 0x00000000d5a80000, 0x0000000100000000)
  eden space 3072K, 0% used [0x00000000d5580000,0x00000000d5580000,0x00000000d5880000)
  from space 512K, 75% used [0x00000000d5a00000,0x00000000d5a60000,0x00000000d5a80000)
  to   space 1024K, 0% used [0x00000000d5880000,0x00000000d5880000,0x00000000d5980000)
 ParOldGen       total 816128K, used 815246K [0x0000000080000000, 0x00000000b1d00000, 0x00000000d5580000)
  object space 816128K, 99% used [0x0000000080000000,0x00000000b1c23bf0,0x00000000b1d00000)
 Metaspace       used 97586K, committed 99648K, reserved 1179648K
  class space    used 10028K, committed 11008K, reserved 1048576K
}
Event: 2414.916 GC heap before
{Heap before GC invocations=1466 (full 5):
 PSYoungGen      total 3584K, used 3456K [0x00000000d5580000, 0x00000000d5a80000, 0x0000000100000000)
  eden space 3072K, 100% used [0x00000000d5580000,0x00000000d5880000,0x00000000d5880000)
  from space 512K, 75% used [0x00000000d5a00000,0x00000000d5a60000,0x00000000d5a80000)
  to   space 1024K, 0% used [0x00000000d5880000,0x00000000d5880000,0x00000000d5980000)
 ParOldGen       total 816128K, used 815246K [0x0000000080000000, 0x00000000b1d00000, 0x00000000d5580000)
  object space 816128K, 99% used [0x0000000080000000,0x00000000b1c23bf0,0x00000000b1d00000)
 Metaspace       used 97602K, committed 99648K, reserved 1179648K
  class space    used 10028K, committed 11008K, reserved 1048576K
}
Event: 2414.918 GC heap after
{Heap after GC invocations=1466 (full 5):
 PSYoungGen      total 4096K, used 288K [0x00000000d5580000, 0x00000000d5a80000, 0x0000000100000000)
  eden space 3072K, 0% used [0x00000000d5580000,0x00000000d5580000,0x00000000d5880000)
  from space 1024K, 28% used [0x00000000d5880000,0x00000000d58c8000,0x00000000d5980000)
  to   space 512K, 0% used [0x00000000d5a00000,0x00000000d5a00000,0x00000000d5a80000)
 ParOldGen       total 816128K, used 815390K [0x0000000080000000, 0x00000000b1d00000, 0x00000000d5580000)
  object space 816128K, 99% used [0x0000000080000000,0x00000000b1c47bf0,0x00000000b1d00000)
 Metaspace       used 97602K, committed 99648K, reserved 1179648K
  class space    used 10028K, committed 11008K, reserved 1048576K
}
Event: 2440.298 GC heap before
{Heap before GC invocations=1467 (full 5):
 PSYoungGen      total 4096K, used 3359K [0x00000000d5580000, 0x00000000d5a80000, 0x0000000100000000)
  eden space 3072K, 99% used [0x00000000d5580000,0x00000000d587ffc0,0x00000000d5880000)
  from space 1024K, 28% used [0x00000000d5880000,0x00000000d58c8000,0x00000000d5980000)
  to   space 512K, 0% used [0x00000000d5a00000,0x00000000d5a00000,0x00000000d5a80000)
 ParOldGen       total 816128K, used 815390K [0x0000000080000000, 0x00000000b1d00000, 0x00000000d5580000)
  object space 816128K, 99% used [0x0000000080000000,0x00000000b1c47bf0,0x00000000b1d00000)
 Metaspace       used 97605K, committed 99712K, reserved 1179648K
  class space    used 10028K, committed 11008K, reserved 1048576K
}
Event: 2440.300 GC heap after
{Heap after GC invocations=1467 (full 5):
 PSYoungGen      total 3584K, used 256K [0x00000000d5580000, 0x00000000d5a80000, 0x0000000100000000)
  eden space 3072K, 0% used [0x00000000d5580000,0x00000000d5580000,0x00000000d5880000)
  from space 512K, 50% used [0x00000000d5a00000,0x00000000d5a40000,0x00000000d5a80000)
  to   space 512K, 0% used [0x00000000d5980000,0x00000000d5980000,0x00000000d5a00000)
 ParOldGen       total 816128K, used 815478K [0x0000000080000000, 0x00000000b1d00000, 0x00000000d5580000)
  object space 816128K, 99% used [0x0000000080000000,0x00000000b1c5dbf0,0x00000000b1d00000)
 Metaspace       used 97605K, committed 99712K, reserved 1179648K
  class space    used 10028K, committed 11008K, reserved 1048576K
}
Event: 2581.534 GC heap before
{Heap before GC invocations=1468 (full 5):
 PSYoungGen      total 3584K, used 3327K [0x00000000d5580000, 0x00000000d5a80000, 0x0000000100000000)
  eden space 3072K, 99% used [0x00000000d5580000,0x00000000d587ff40,0x00000000d5880000)
  from space 512K, 50% used [0x00000000d5a00000,0x00000000d5a40000,0x00000000d5a80000)
  to   space 512K, 0% used [0x00000000d5980000,0x00000000d5980000,0x00000000d5a00000)
 ParOldGen       total 816128K, used 815478K [0x0000000080000000, 0x00000000b1d00000, 0x00000000d5580000)
  object space 816128K, 99% used [0x0000000080000000,0x00000000b1c5dbf0,0x00000000b1d00000)
 Metaspace       used 97612K, committed 99712K, reserved 1179648K
  class space    used 10028K, committed 11008K, reserved 1048576K
}
Event: 2581.536 GC heap after
{Heap after GC invocations=1468 (full 5):
 PSYoungGen      total 3584K, used 320K [0x00000000d5580000, 0x00000000d5a80000, 0x0000000100000000)
  eden space 3072K, 0% used [0x00000000d5580000,0x00000000d5580000,0x00000000d5880000)
  from space 512K, 62% used [0x00000000d5980000,0x00000000d59d0000,0x00000000d5a00000)
  to   space 512K, 0% used [0x00000000d5a00000,0x00000000d5a00000,0x00000000d5a80000)
 ParOldGen       total 816128K, used 815534K [0x0000000080000000, 0x00000000b1d00000, 0x00000000d5580000)
  object space 816128K, 99% used [0x0000000080000000,0x00000000b1c6bbf0,0x00000000b1d00000)
 Metaspace       used 97612K, committed 99712K, reserved 1179648K
  class space    used 10028K, committed 11008K, reserved 1048576K
}
Event: 2581.553 GC heap before
{Heap before GC invocations=1469 (full 5):
 PSYoungGen      total 3584K, used 3391K [0x00000000d5580000, 0x00000000d5a80000, 0x0000000100000000)
  eden space 3072K, 99% used [0x00000000d5580000,0x00000000d587ffe8,0x00000000d5880000)
  from space 512K, 62% used [0x00000000d5980000,0x00000000d59d0000,0x00000000d5a00000)
  to   space 512K, 0% used [0x00000000d5a00000,0x00000000d5a00000,0x00000000d5a80000)
 ParOldGen       total 816128K, used 815534K [0x0000000080000000, 0x00000000b1d00000, 0x00000000d5580000)
  object space 816128K, 99% used [0x0000000080000000,0x00000000b1c6bbf0,0x00000000b1d00000)
 Metaspace       used 97612K, committed 99712K, reserved 1179648K
  class space    used 10028K, committed 11008K, reserved 1048576K
}
Event: 2581.556 GC heap after
{Heap after GC invocations=1469 (full 5):
 PSYoungGen      total 3584K, used 512K [0x00000000d5580000, 0x00000000d5a80000, 0x0000000100000000)
  eden space 3072K, 0% used [0x00000000d5580000,0x00000000d5580000,0x00000000d5880000)
  from space 512K, 100% used [0x00000000d5a00000,0x00000000d5a80000,0x00000000d5a80000)
  to   space 1024K, 0% used [0x00000000d5880000,0x00000000d5880000,0x00000000d5980000)
 ParOldGen       total 816128K, used 815739K [0x0000000080000000, 0x00000000b1d00000, 0x00000000d5580000)
  object space 816128K, 99% used [0x0000000080000000,0x00000000b1c9edf0,0x00000000b1d00000)
 Metaspace       used 97612K, committed 99712K, reserved 1179648K
  class space    used 10028K, committed 11008K, reserved 1048576K
}
Event: 2581.581 GC heap before
{Heap before GC invocations=1470 (full 5):
 PSYoungGen      total 3584K, used 3584K [0x00000000d5580000, 0x00000000d5a80000, 0x0000000100000000)
  eden space 3072K, 100% used [0x00000000d5580000,0x00000000d5880000,0x00000000d5880000)
  from space 512K, 100% used [0x00000000d5a00000,0x00000000d5a80000,0x00000000d5a80000)
  to   space 1024K, 0% used [0x00000000d5880000,0x00000000d5880000,0x00000000d5980000)
 ParOldGen       total 816128K, used 815739K [0x0000000080000000, 0x00000000b1d00000, 0x00000000d5580000)
  object space 816128K, 99% used [0x0000000080000000,0x00000000b1c9edf0,0x00000000b1d00000)
 Metaspace       used 97612K, committed 99712K, reserved 1179648K
  class space    used 10028K, committed 11008K, reserved 1048576K
}
Event: 2581.584 GC heap after
{Heap after GC invocations=1470 (full 5):
 PSYoungGen      total 4096K, used 512K [0x00000000d5580000, 0x00000000d5a80000, 0x0000000100000000)
  eden space 3072K, 0% used [0x00000000d5580000,0x00000000d5580000,0x00000000d5880000)
  from space 1024K, 50% used [0x00000000d5880000,0x00000000d5900000,0x00000000d5980000)
  to   space 1024K, 0% used [0x00000000d5980000,0x00000000d5980000,0x00000000d5a80000)
 ParOldGen       total 816128K, used 816115K [0x0000000080000000, 0x00000000b1d00000, 0x00000000d5580000)
  object space 816128K, 99% used [0x0000000080000000,0x00000000b1cfce00,0x00000000b1d00000)
 Metaspace       used 97612K, committed 99712K, reserved 1179648K
  class space    used 10028K, committed 11008K, reserved 1048576K
}
Event: 2581.817 GC heap before
{Heap before GC invocations=1471 (full 5):
 PSYoungGen      total 4096K, used 3584K [0x00000000d5580000, 0x00000000d5a80000, 0x0000000100000000)
  eden space 3072K, 100% used [0x00000000d5580000,0x00000000d5880000,0x00000000d5880000)
  from space 1024K, 50% used [0x00000000d5880000,0x00000000d5900000,0x00000000d5980000)
  to   space 1024K, 0% used [0x00000000d5980000,0x00000000d5980000,0x00000000d5a80000)
 ParOldGen       total 816128K, used 816115K [0x0000000080000000, 0x00000000b1d00000, 0x00000000d5580000)
  object space 816128K, 99% used [0x0000000080000000,0x00000000b1cfce00,0x00000000b1d00000)
 Metaspace       used 97630K, committed 99712K, reserved 1179648K
  class space    used 10028K, committed 11008K, reserved 1048576K
}
Event: 2581.818 GC heap after
{Heap after GC invocations=1471 (full 5):
 PSYoungGen      total 4096K, used 576K [0x00000000d5580000, 0x00000000d5a80000, 0x0000000100000000)
  eden space 3072K, 0% used [0x00000000d5580000,0x00000000d5580000,0x00000000d5880000)
  from space 1024K, 56% used [0x00000000d5980000,0x00000000d5a10000,0x00000000d5a80000)
  to   space 1024K, 0% used [0x00000000d5880000,0x00000000d5880000,0x00000000d5980000)
 ParOldGen       total 816640K, used 816435K [0x0000000080000000, 0x00000000b1d80000, 0x00000000d5580000)
  object space 816640K, 99% used [0x0000000080000000,0x00000000b1d4ce20,0x00000000b1d80000)
 Metaspace       used 97630K, committed 99712K, reserved 1179648K
  class space    used 10028K, committed 11008K, reserved 1048576K
}

